#
# A fatal error has been detected by the Java Runtime Environment:
#
#  EXCEPTION_ACCESS_VIOLATION (0xc0000005) at pc=0xffffffffa39e5120, pid=2364, tid=2976
#
# JRE version: Java(TM) SE Runtime Environment (8.0_45-b14) (build 1.8.0_45-b14)
# Java VM: Java HotSpot(TM) 64-Bit Server VM (25.45-b02 mixed mode windows-amd64 compressed oops)
# Problematic frame:
# C  0xffffffffa39e5120
#
# Failed to write core dump. Minidumps are not enabled by default on client versions of Windows
#
# If you would like to submit a bug report, please visit:
#   http://bugreport.java.com/bugreport/crash.jsp
#

---------------  T H R E A D  ---------------

Current thread (0x000000000235f000):  JavaThread "main" [_thread_in_Java, id=2976, stack(0x0000000002610000,0x0000000002710000)]

siginfo: ExceptionCode=0xc0000005, reading address 0xffffffffa39e5120

Registers:
RAX=0x0000000000000002, RBX=0x0000000000000d4e, RCX=0x0000000000000074, RDX=0x00000000e4694f48
RSP=0x000000000270d598, RBP=0x000000000270ddf0, RSI=0x00000000000058e0, RDI=0x00000000e46ccfb8
R8 =0x0000000011dc78b8, R9 =0x00000000e46ccfd0, R10=0x0000000011ddd7e8, R11=0x0000000000000002
R12=0x0000000000000000, R13=0x00000000000003a0, R14=0x0000000000000b07, R15=0x000000000235f000
RIP=0xffffffffa39e5120, EFLAGS=0x0000000000010202

Top of Stack: (sp=0x000000000270d598)
0x000000000270d598:   0000000002c3838c 0000000000000000
0x000000000270d5a8:   4059000000000000 4008000000000000
0x000000000270d5b8:   4000000000000000 0000000000000000
0x000000000270d5c8:   0000000000000000 0000000000000000
0x000000000270d5d8:   0000000000000000 0000000000000000
0x000000000270d5e8:   0000000000000000 0000000000000000
0x000000000270d5f8:   0000000000000000 0000000000000000
0x000000000270d608:   0000000000000000 0000000000000000
0x000000000270d618:   0000000000000000 0000000000000000
0x000000000270d628:   0000000051f1a470 000000000270d830
0x000000000270d638:   0000000002addd9b 0000000000000000
0x000000000270d648:   00000000e4694f48 0000000000000002
0x000000000270d658:   00000000e4694f78 00000000e46ccfb8
0x000000000270d668:   00000000e46ccfd0 4008000000000000
0x000000000270d678:   0000000200000000 0000200000000d4e
0x000000000270d688:   0000000000000000 00000d4c00000000 

Instructions: (pc=0xffffffffa39e5120)
0xffffffffa39e5100:   
[error occurred during error reporting (printing registers, top of stack, instructions near pc), id 0xc0000005]

Register to memory mapping:

RAX=0x0000000000000002 is an unknown value
RBX=0x0000000000000d4e is an unknown value
RCX=0x0000000000000074 is an unknown value
RDX=
[error occurred during error reporting (printing register info), id 0xc0000005]

Stack: [0x0000000002610000,0x0000000002710000],  sp=0x000000000270d598,  free space=1013k
Native frames: (J=compiled Java code, j=interpreted, Vv=VM code, C=native code)
C  0xffffffffa39e5120


---------------  P R O C E S S  ---------------

Java Threads: ( => current thread )
  0x000000005274b000 JavaThread "Service Thread" daemon [_thread_blocked, id=3940, stack(0x0000000053360000,0x0000000053460000)]
  0x00000000526de000 JavaThread "C1 CompilerThread1" daemon [_thread_blocked, id=4520, stack(0x0000000053240000,0x0000000053340000)]
  0x00000000526d9800 JavaThread "C2 CompilerThread0" daemon [_thread_in_native, id=4632, stack(0x0000000052db0000,0x0000000052eb0000)]
  0x00000000526d8000 JavaThread "Attach Listener" daemon [_thread_blocked, id=4580, stack(0x0000000052f80000,0x0000000053080000)]
  0x00000000526d6800 JavaThread "Signal Dispatcher" daemon [_thread_blocked, id=1148, stack(0x0000000052ca0000,0x0000000052da0000)]
  0x0000000052677000 JavaThread "Finalizer" daemon [_thread_blocked, id=4512, stack(0x0000000052af0000,0x0000000052bf0000)]
  0x000000005266f800 JavaThread "Reference Handler" daemon [_thread_blocked, id=2072, stack(0x00000000528f0000,0x00000000529f0000)]
=>0x000000000235f000 JavaThread "main" [_thread_in_Java, id=2976, stack(0x0000000002610000,0x0000000002710000)]

Other Threads:
  0x0000000052669000 VMThread [stack: 0x00000000527f0000,0x00000000528f0000] [id=4608]
  0x00000000526f5000 WatcherThread [stack: 0x00000000534d0000,0x00000000535d0000] [id=4788]

VM state:not at safepoint (normal execution)

VM Mutex/Monitor currently owned by a thread: None

Heap:
 def new generation   total 8640K, used 7967K [0x00000000e4000000, 0x00000000e4950000, 0x00000000ed550000)
  eden space 7744K,  91% used [0x00000000e4000000, 0x00000000e46e7e48, 0x00000000e4790000)
  from space 896K, 100% used [0x00000000e4870000, 0x00000000e4950000, 0x00000000e4950000)
  to   space 896K,   0% used [0x00000000e4790000, 0x00000000e4790000, 0x00000000e4870000)
 tenured generation   total 19136K, used 914K [0x00000000ed550000, 0x00000000ee800000, 0x0000000100000000)
   the space 19136K,   4% used [0x00000000ed550000, 0x00000000ed634ae0, 0x00000000ed634c00, 0x00000000ee800000)
 Metaspace       used 6631K, capacity 6792K, committed 7040K, reserved 1056768K
  class space    used 807K, capacity 860K, committed 896K, reserved 1048576K

Card table byte_map: [0x0000000002480000,0x0000000002570000] byte_map_base: 0x0000000001d60000

Polling page: 0x0000000000130000

CodeCache: size=245760Kb used=2433Kb max_used=2444Kb free=243326Kb
 bounds [0x00000000029e0000, 0x0000000002c50000, 0x00000000119e0000]
 total_blobs=795 nmethods=524 adapters=186
 compilation: enabled

Compilation events (10 events):
Event: 1.935 Thread 0x00000000526d9800  523       4       java.nio.Buffer::position (43 bytes)
Event: 1.935 Thread 0x00000000526de000 nmethod 517 0x0000000002c322d0 code [0x0000000002c32460, 0x0000000002c32898]
Event: 1.935 Thread 0x00000000526de000  508       3       java.nio.CharBuffer::<init> (22 bytes)
Event: 1.935 Thread 0x00000000526de000 nmethod 508 0x0000000002c40f90 code [0x0000000002c41100, 0x0000000002c412c8]
Event: 1.935 Thread 0x00000000526de000  522       1       java.nio.charset.CharsetDecoder::charset (5 bytes)
Event: 1.935 Thread 0x00000000526de000 nmethod 522 0x0000000002c26150 code [0x0000000002c262a0, 0x0000000002c263b0]
Event: 1.936 Thread 0x00000000526d9800 nmethod 523 0x0000000002c26cd0 code [0x0000000002c26e00, 0x0000000002c26eb8]
Event: 1.936 Thread 0x00000000526d9800  524       4       java.nio.ByteBuffer::arrayOffset (35 bytes)
Event: 1.937 Thread 0x00000000526d9800 nmethod 524 0x0000000002c44050 code [0x0000000002c44180, 0x0000000002c44218]
Event: 1.937 Thread 0x00000000526d9800  525   !   4       sun.nio.cs.StreamDecoder::read (196 bytes)

GC Heap History (2 events):
Event: 1.364 GC heap before
{Heap before GC invocations=0 (full 0):
 def new generation   total 8640K, used 7744K [0x00000000e4000000, 0x00000000e4950000, 0x00000000ed550000)
  eden space 7744K, 100% used [0x00000000e4000000, 0x00000000e4790000, 0x00000000e4790000)
  from space 896K,   0% used [0x00000000e4790000, 0x00000000e4790000, 0x00000000e4870000)
  to   space 896K,   0% used [0x00000000e4870000, 0x00000000e4870000, 0x00000000e4950000)
 tenured generation   total 19136K, used 0K [0x00000000ed550000, 0x00000000ee800000, 0x0000000100000000)
   the space 19136K,   0% used [0x00000000ed550000, 0x00000000ed550000, 0x00000000ed550200, 0x00000000ee800000)
 Metaspace       used 5172K, capacity 5656K, committed 5760K, reserved 1056768K
  class space    used 599K, capacity 636K, committed 640K, reserved 1048576K
Event: 1.375 GC heap after
Heap after GC invocations=1 (full 0):
 def new generation   total 8640K, used 896K [0x00000000e4000000, 0x00000000e4950000, 0x00000000ed550000)
  eden space 7744K,   0% used [0x00000000e4000000, 0x00000000e4000000, 0x00000000e4790000)
  from space 896K, 100% used [0x00000000e4870000, 0x00000000e4950000, 0x00000000e4950000)
  to   space 896K,   0% used [0x00000000e4790000, 0x00000000e4790000, 0x00000000e4870000)
 tenured generation   total 19136K, used 914K [0x00000000ed550000, 0x00000000ee800000, 0x0000000100000000)
   the space 19136K,   4% used [0x00000000ed550000, 0x00000000ed634ae0, 0x00000000ed634c00, 0x00000000ee800000)
 Metaspace       used 5172K, capacity 5656K, committed 5760K, reserved 1056768K
  class space    used 599K, capacity 636K, committed 640K, reserved 1048576K
}

Deoptimization events (0 events):
No events

Internal exceptions (10 events):
Event: 0.687 Thread 0x000000000235f000 Exception <a 'java/security/PrivilegedActionException'> (0x00000000e42c4a70) thrown at [C:\re\workspace\8-2-build-windows-amd64-cygwin\jdk8u45\3457\hotspot\src\share\vm\prims\jvm.cpp, line 1382]
Event: 0.687 Thread 0x000000000235f000 Exception <a 'java/security/PrivilegedActionException'> (0x00000000e42c4c28) thrown at [C:\re\workspace\8-2-build-windows-amd64-cygwin\jdk8u45\3457\hotspot\src\share\vm\prims\jvm.cpp, line 1382]
Event: 0.688 Thread 0x000000000235f000 Exception <a 'java/security/PrivilegedActionException'> (0x00000000e42c8b50) thrown at [C:\re\workspace\8-2-build-windows-amd64-cygwin\jdk8u45\3457\hotspot\src\share\vm\prims\jvm.cpp, line 1382]
Event: 0.688 Thread 0x000000000235f000 Exception <a 'java/security/PrivilegedActionException'> (0x00000000e42c8d08) thrown at [C:\re\workspace\8-2-build-windows-amd64-cygwin\jdk8u45\3457\hotspot\src\share\vm\prims\jvm.cpp, line 1382]
Event: 1.560 Thread 0x000000000235f000 Exception <a 'java/lang/ArrayIndexOutOfBoundsException': 18> (0x00000000e42304f0) thrown at [C:\re\workspace\8-2-build-windows-amd64-cygwin\jdk8u45\3457\hotspot\src\share\vm\interpreter\interpreterRuntime.cpp, line 366]
Event: 1.560 Thread 0x000000000235f000 Exception <a 'java/lang/ArrayIndexOutOfBoundsException': 43> (0x00000000e42312e0) thrown at [C:\re\workspace\8-2-build-windows-amd64-cygwin\jdk8u45\3457\hotspot\src\share\vm\interpreter\interpreterRuntime.cpp, line 366]
Event: 1.561 Thread 0x000000000235f000 Exception <a 'java/lang/ArrayIndexOutOfBoundsException': 92> (0x00000000e4232ac8) thrown at [C:\re\workspace\8-2-build-windows-amd64-cygwin\jdk8u45\3457\hotspot\src\share\vm\interpreter\interpreterRuntime.cpp, line 366]
Event: 1.690 Thread 0x000000000235f000 Exception <a 'java/lang/ArrayIndexOutOfBoundsException'> (0x00000000e4474608) thrown at [C:\re\workspace\8-2-build-windows-amd64-cygwin\jdk8u45\3457\hotspot\src\share\vm\runtime\sharedRuntime.cpp, line 605]
Event: 1.690 Thread 0x000000000235f000 Exception <a 'java/lang/ArrayIndexOutOfBoundsException'> (0x00000000e4475c80) thrown at [C:\re\workspace\8-2-build-windows-amd64-cygwin\jdk8u45\3457\hotspot\src\share\vm\runtime\sharedRuntime.cpp, line 605]
Event: 1.708 Thread 0x000000000235f000 Exception <a 'java/lang/ArrayIndexOutOfBoundsException'> (0x00000000e44d4450) thrown at [C:\re\workspace\8-2-build-windows-amd64-cygwin\jdk8u45\3457\hotspot\src\share\vm\runtime\sharedRuntime.cpp, line 605]

Events (10 events):
Event: 1.920 loading class org/sonatype/aether/connector/wagon/WagonConfigurator
Event: 1.920 loading class org/sonatype/aether/connector/wagon/WagonConfigurator done
Event: 1.930 loading class org/sonatype/aether/connector/wagon/WagonProvider
Event: 1.930 loading class org/sonatype/aether/connector/wagon/WagonProvider done
Event: 1.930 loading class org/sonatype/aether/connector/wagon/WagonProvider
Event: 1.930 loading class org/sonatype/aether/connector/wagon/WagonProvider done
Event: 1.931 loading class org/sonatype/aether/spi/connector/RepositoryConnectorFactory
Event: 1.931 loading class org/sonatype/aether/spi/connector/RepositoryConnectorFactory done
Event: 1.931 loading class org/sonatype/aether/spi/connector/RepositoryConnectorFactory
Event: 1.931 loading class org/sonatype/aether/spi/connector/RepositoryConnectorFactory done


Dynamic libraries:
0x000000013f490000 - 0x000000013f4c7000 	C:\Program Files\Java\jdk1.8.0_45\bin\java.exe
0x0000000076f80000 - 0x0000000077129000 	C:\Windows\SYSTEM32\ntdll.dll
0x0000000076e60000 - 0x0000000076f7f000 	C:\Windows\system32\kernel32.dll
0x000007fefcfe0000 - 0x000007fefd04b000 	C:\Windows\system32\KERNELBASE.dll
0x000007fefe020000 - 0x000007fefe0fb000 	C:\Windows\system32\ADVAPI32.dll
0x000007fefd4d0000 - 0x000007fefd56f000 	C:\Windows\system32\msvcrt.dll
0x000007feff1c0000 - 0x000007feff1df000 	C:\Windows\SYSTEM32\sechost.dll
0x000007fefd6b0000 - 0x000007fefd7dd000 	C:\Windows\system32\RPCRT4.dll
0x0000000076d60000 - 0x0000000076e5a000 	C:\Windows\system32\USER32.dll
0x000007fefd460000 - 0x000007fefd4c7000 	C:\Windows\system32\GDI32.dll
0x000007feff280000 - 0x000007feff28e000 	C:\Windows\system32\LPK.dll
0x000007fefded0000 - 0x000007fefdf99000 	C:\Windows\system32\USP10.dll
0x000007fefb950000 - 0x000007fefbb44000 	C:\Windows\WinSxS\amd64_microsoft.windows.common-controls_6595b64144ccf1df_6.0.7601.17514_none_fa396087175ac9ac\COMCTL32.dll
0x000007feff140000 - 0x000007feff1b1000 	C:\Windows\system32\SHLWAPI.dll
0x000007fefd2a0000 - 0x000007fefd2ce000 	C:\Windows\system32\IMM32.DLL
0x000007fefd350000 - 0x000007fefd459000 	C:\Windows\system32\MSCTF.dll
0x0000000056220000 - 0x00000000562f2000 	C:\Program Files\Java\jdk1.8.0_45\jre\bin\msvcr100.dll
0x00000000551e0000 - 0x0000000055a63000 	C:\Program Files\Java\jdk1.8.0_45\jre\bin\server\jvm.dll
0x000007fef34d0000 - 0x000007fef34d9000 	C:\Windows\system32\WSOCK32.dll
0x000007feff0f0000 - 0x000007feff13d000 	C:\Windows\system32\WS2_32.dll
0x000007fefd6a0000 - 0x000007fefd6a8000 	C:\Windows\system32\NSI.dll
0x000007fefa260000 - 0x000007fefa29b000 	C:\Windows\system32\WINMM.dll
0x000007fefc010000 - 0x000007fefc01c000 	C:\Windows\system32\VERSION.dll
0x0000000077150000 - 0x0000000077157000 	C:\Windows\system32\PSAPI.DLL
0x00000000561d0000 - 0x00000000561df000 	C:\Program Files\Java\jdk1.8.0_45\jre\bin\verify.dll
0x00000000561a0000 - 0x00000000561c9000 	C:\Program Files\Java\jdk1.8.0_45\jre\bin\java.dll
0x0000000056180000 - 0x0000000056196000 	C:\Program Files\Java\jdk1.8.0_45\jre\bin\zip.dll
0x000007fefe100000 - 0x000007fefee88000 	C:\Windows\system32\SHELL32.dll
0x000007fefd7e0000 - 0x000007fefd9e3000 	C:\Windows\system32\ole32.dll
0x000007fefced0000 - 0x000007fefcedf000 	C:\Windows\system32\profapi.dll
0x000007feeca40000 - 0x000007feecb65000 	C:\Windows\system32\dbghelp.dll

VM Arguments:
jvm_args: -Dclassworlds.conf=C:\Program Files\NetBeans 8.0.2\java\maven\bin\m2.conf -Dmaven.home=C:\Program Files\NetBeans 8.0.2\java\maven 
java_command: org.codehaus.plexus.classworlds.launcher.Launcher -Dnetbeans.deploy=true -Dmaven.ext.class.path=C:\Program Files\NetBeans 8.0.2\java\maven-nblib\netbeans-eventspy.jar -Dfile.encoding=UTF-8 package
java_class_path (initial): C:\Program Files\NetBeans 8.0.2\java\maven\boot\plexus-classworlds-2.4.jar
Launcher Type: SUN_STANDARD

Environment Variables:
JAVA_HOME=C:\Program Files\Java\jdk1.8.0_45
PATH=C:\ProgramData\Oracle\Java\javapath;C:\Windows\system32;C:\Windows;C:\Windows\System32\Wbem;C:\Windows\System32\WindowsPowerShell\v1.0\;C:\Program Files\nodejs\;C:\Users\Thercio\AppData\Roaming\npm
USERNAME=Thercio
OS=Windows_NT
PROCESSOR_IDENTIFIER=Intel64 Family 6 Model 23 Stepping 10, GenuineIntel



---------------  S Y S T E M  ---------------

OS: Windows 7 , 64 bit Build 7601 (6.1.7601.17514)

CPU:total 2 (2 cores per cpu, 1 threads per core) family 6 model 23 stepping 10, cmov, cx8, fxsr, mmx, sse, sse2, sse3, ssse3, tsc

Memory: 4k page, physical 1834232k(537292k free), swap 3668464k(1251116k free)

vm_info: Java HotSpot(TM) 64-Bit Server VM (25.45-b02) for windows-amd64 JRE (1.8.0_45-b14), built on Apr 10 2015 10:34:15 by "java_re" with MS VC++ 10.0 (VS2010)

time: Thu Aug 27 14:05:11 2015
elapsed time: 1 seconds (0d 0h 0m 1s)

